SF:lib\main.dart
DA:7,0
DA:8,0
DA:9,0
DA:13,2
DA:14,1
LF:5
LH:2
end_of_record
SF:lib\domain\entities\expense_entity.dart
DA:12,1
LF:1
LH:1
end_of_record
SF:lib\presentation\ui\pages\home_page\home_page.dart
DA:10,1
DA:12,1
DA:13,1
DA:18,3
DA:19,3
DA:22,1
DA:24,3
DA:26,1
DA:30,3
DA:32,1
DA:36,3
DA:38,1
DA:42,1
DA:45,1
DA:47,1
DA:48,1
DA:49,1
DA:51,1
DA:52,1
DA:53,1
DA:55,1
DA:58,1
DA:61,1
DA:62,1
DA:63,4
DA:66,1
DA:68,2
DA:69,1
DA:70,1
DA:71,1
DA:72,1
DA:75,1
DA:76,1
DA:81,1
DA:83,1
DA:84,1
DA:85,1
DA:86,1
DA:87,1
DA:88,1
DA:89,1
DA:90,1
DA:96,1
DA:98,1
DA:99,2
DA:100,1
DA:101,1
DA:102,0
DA:103,0
DA:104,0
DA:105,0
DA:107,1
DA:112,1
DA:113,1
DA:114,1
DA:115,1
DA:118,1
DA:119,1
DA:123,1
DA:124,1
DA:125,1
DA:127,1
DA:128,1
DA:131,1
DA:134,1
DA:135,1
DA:136,1
DA:137,1
DA:138,4
DA:153,1
DA:154,1
DA:155,1
DA:156,4
DA:164,1
DA:165,3
DA:169,1
DA:170,5
DA:180,1
DA:181,0
DA:194,1
DA:199,1
DA:200,1
DA:201,1
DA:202,1
DA:204,1
DA:205,1
DA:207,1
DA:208,1
DA:214,1
DA:215,1
DA:217,1
DA:219,3
DA:227,1
LF:93
LH:88
end_of_record
SF:lib\presentation\ui\components\bottom_navigator_bar.dart
DA:7,1
DA:11,1
DA:13,1
DA:14,1
DA:18,1
DA:20,1
DA:21,0
DA:22,0
DA:28,1
DA:29,2
DA:30,1
DA:31,1
DA:33,1
DA:36,1
DA:38,1
DA:39,1
DA:40,0
DA:41,0
DA:42,0
DA:44,1
DA:46,1
DA:47,1
DA:48,3
DA:49,0
DA:52,3
DA:53,3
DA:55,1
DA:57,3
DA:58,3
DA:60,1
DA:63,1
DA:64,0
DA:65,0
DA:66,0
DA:68,1
DA:70,1
DA:71,1
DA:72,3
DA:73,1
DA:76,3
DA:77,3
DA:79,1
DA:80,3
DA:81,3
DA:82,3
DA:84,0
DA:87,1
DA:88,0
DA:89,0
DA:90,0
DA:92,1
DA:94,1
DA:95,1
DA:96,3
DA:97,0
DA:100,3
DA:101,3
DA:103,1
DA:105,3
DA:106,3
DA:108,1
LF:61
LH:47
end_of_record
SF:lib\presentation\ui\pages\home_page\components\expense_details_card.dart
DA:4,0
DA:5,0
DA:7,0
DA:8,0
DA:9,0
LF:5
LH:0
end_of_record
